


ARM Macro Assembler    Page 1 


    1 00000000         ;*******************************************************
                       ************************
    2 00000000         ;* File Name          : SIM_Board_IO.s
    3 00000000         ;* Author             : Tobias Jaehnichen
    4 00000000         ;* Version            : V1.0
    5 00000000         ;* Date               : 21.03.2017
    6 00000000         ;* Description        : Definition of memory-adresses fo
                       r use of GPIO and ADC
    7 00000000         ;       : of the Simulated-Board in assembler projects
    8 00000000         ;
    9 00000000         ;  27.03.2017         : Silke Behn, timer Einstellungen 
                       ergaenzt
   10 00000000         ;*******************************************************
                       ************************
   11 00000000         
   12 00000000                 PRESERVE8
   13 00000000         
   14 00000000                 IMPORT           TFT_cursor_off
   15 00000000                 IMPORT           TFT_cls
   16 00000000         
   17 00000000                 GLOBAL           GPIO_G_SET [WEAK]
   18 00000000                 GLOBAL           GPIO_G_CLR [WEAK]
   19 00000000                 GLOBAL           GPIO_G_PIN [WEAK]
   20 00000000                 GLOBAL           GPIO_E_PIN [WEAK]
   21 00000000                 GLOBAL           ADC3_DR  [WEAK]
   22 00000000                 GLOBAL           ADC3_CH7_DMA_Config [WEAK]
   23 00000000                 GLOBAL           timer     [WEAK]
   24 00000000         
   25 00000000 40000000 
                       PERIPH_BASE
                               equ              0x40000000
   26 00000000 40010000 
                       APB2PERIPH_BASE
                               equ              (PERIPH_BASE + 0x00010000)
   27 00000000         
   28 00000000 40021000 
                       RCC_BASE
                               equ              0x40021000
   29 00000000 0000001C 
                       APB1ENR equ              0x1c
   30 00000000 00000004 
                       RCC_APB1Periph_TIM4
                               equ              0x04
   31 00000000         
   32 00000000         
   33 00000000         ;blaue LEDs: output
   34 00000000 40012000 
                       GPIOG_BASE
                               equ              (APB2PERIPH_BASE + 0x2000)
   35 00000000 40012010 
                       GPIO_G_SET
                               equ              GPIOG_BASE + 0x10
   36 00000000 40012012 
                       GPIO_G_CLR
                               equ              GPIOG_BASE + 0x12
   37 00000000 40012008 
                       GPIO_G_PIN
                               equ              GPIOG_BASE + 0x08
   38 00000000         



ARM Macro Assembler    Page 2 


   39 00000000         ;rote LEDs / Taster: input
   40 00000000 40011800 
                       GPIOE_BASE
                               equ              (APB2PERIPH_BASE + 0x1800)
   41 00000000 40011808 
                       GPIO_E_PIN
                               equ              GPIOE_BASE + 0x08
   42 00000000         
   43 00000000         ;ADC Register, Because there is no ADC3 on the STM32f10x
                        we map ADC3_DR to ADC1_DR
   44 00000000 40012400 
                       ADC1_BASE
                               equ              (APB2PERIPH_BASE + 0x2400)
   45 00000000 4001244C 
                       ADC1_DR equ              ADC1_BASE + 0x4C
   46 00000000         
   47 00000000 94000000 
                       ADC3_BASE
                               equ              0x94000000
   48 00000000 9400004C 
                       ADC3_DR equ              ADC3_BASE + 0x4C ; Eigenen Spei
                                                            cher festlegen 0x9.
                                                            ....
   49 00000000         
   50 00000000         ;Timer
   51 00000000 40000800 
                       timer4_base
                               equ              0x40000800
   52 00000000 00000000 
                       TIMx_CR1
                               equ              0x00
   53 00000000 00000004 
                       TIMx_CR2
                               equ              0x04
   54 00000000 0000000C 
                       TIMx_DIER
                               equ              0x0C
   55 00000000 00000010 
                       TIMx_SR equ              0x10
   56 00000000 00000014 
                       TIMx_EGR
                               equ              0x14
   57 00000000 00000024 
                       TIMx_CNT
                               equ              0x24
   58 00000000 00000028 
                       TIMx_PSC
                               equ              0x28
   59 00000000 0000002C 
                       TIMx_ARR
                               equ              0x2C
   60 00000000 40000824 
                       timer   equ              timer4_base+TIMx_CNT
   61 00000000         
   62 00000000         
   63 00000000         
   64 00000000         
   65 00000000                 AREA             MyCode, CODE, readonly, align =
 2



ARM Macro Assembler    Page 3 


   66 00000000         
   67 00000000         ADC3_CH7_DMA_Config
                               PROC
   68 00000000 4770            BX               LR
   69 00000002                 ENDP
   70 00000002         
   71 00000002         
   72 00000002         
   73 00000002         
   74 00000002         ;
   75 00000002         ; Unterprogramm zum Initialisieren der Hardware
   76 00000002         ; LCD: Loeschen und Ausschalten des Cursors
   77 00000002         ; TIMER4: Starten, Kontinuierliches Zaehlen mit einer Fr
                       equenz von 100kHz
   78 00000002         ;
   79 00000002         
   80 00000002                 GLOBAL           initHW
   81 00000002         initHW  proc
   82 00000002 B500            push             {lr}
   83 00000004         
   84 00000004         
   85 00000004         ;
   86 00000004         ; Init Timer7
   87 00000004         ;
   88 00000004 480B            ldr              r0,=RCC_BASE
   89 00000006 69C1            ldr              r1,[r0,#APB1ENR]
   90 00000008 F041 0104       orr              r1,#RCC_APB1Periph_TIM4
   91 0000000C 61C1            str              r1,[r0,#APB1ENR]
   92 0000000E         
   93 0000000E 480A            ldr              r0,=timer4_base
   94 00000010 F240 21CF       ldr              r1,=72000000/100000 - 1 ; 100 k
                                                            Hz //  1 Tick = 10 
                                                            us 
   95 00000014 6281            str              r1,[r0,#TIMx_PSC]
   96 00000016 F64F 71FF       ldr              r1,=0xffff
   97 0000001A 62C1            str              r1,[r0,#TIMx_ARR]
   98 0000001C F04F 0101       ldr              r1,=1
   99 00000020 6141            str              r1,[r0,#TIMx_EGR]
  100 00000022 F04F 0101       ldr              r1,=1
  101 00000026 6001            str              r1,[r0,#TIMx_CR1]
  102 00000028         
  103 00000028         
  104 00000028         ;
  105 00000028         ;  Init LCD
  106 00000028         ;
  107 00000028 F7FF FFFE       bl               TFT_cursor_off
  108 0000002C F7FF FFFE       bl               TFT_cls
  109 00000030         
  110 00000030 BD00            pop              {pc}
  111 00000032                 endp
  112 00000032         
  113 00000032 00 00           ALIGN
  114 00000034         
  115 00000034                 END
              40021000 
              40000800 
Command Line: --debug --xref --diag_suppress=9931 --cpu=Cortex-M3 --apcs=interw
ork --depend=.\objects\sim_board_io_asm.d -o.\objects\sim_board_io_asm.o -IC:\K
eil_v5\ARM\RV31\INC -IC:\Keil_v5\ARM\CMSIS\Include -IC:\Keil_v5\ARM\Inc\ST\STM3



ARM Macro Assembler    Page 4 


2F10x --predefine="__EVAL SETA 1" --predefine="__UVISION_VERSION SETA 523" --li
st=.\listings\sim_board_io_asm.lst TI_BRD_LIB\Simulated_Board\SIM_Board_IO_asm.
s



ARM Macro Assembler    Page 1 Alphabetic symbol ordering
Relocatable symbols

ADC3_CH7_DMA_Config 00000000

Symbol: ADC3_CH7_DMA_Config
   Definitions
      At line 67 in file TI_BRD_LIB\Simulated_Board\SIM_Board_IO_asm.s
   Uses
      At line 22 in file TI_BRD_LIB\Simulated_Board\SIM_Board_IO_asm.s
Comment: ADC3_CH7_DMA_Config used once
MyCode 00000000

Symbol: MyCode
   Definitions
      At line 65 in file TI_BRD_LIB\Simulated_Board\SIM_Board_IO_asm.s
   Uses
      None
Comment: MyCode unused
initHW 00000002

Symbol: initHW
   Definitions
      At line 81 in file TI_BRD_LIB\Simulated_Board\SIM_Board_IO_asm.s
   Uses
      At line 80 in file TI_BRD_LIB\Simulated_Board\SIM_Board_IO_asm.s
Comment: initHW used once
3 symbols



ARM Macro Assembler    Page 1 Alphabetic symbol ordering
Absolute symbols

ADC1_BASE 40012400

Symbol: ADC1_BASE
   Definitions
      At line 44 in file TI_BRD_LIB\Simulated_Board\SIM_Board_IO_asm.s
   Uses
      At line 45 in file TI_BRD_LIB\Simulated_Board\SIM_Board_IO_asm.s
Comment: ADC1_BASE used once
ADC1_DR 4001244C

Symbol: ADC1_DR
   Definitions
      At line 45 in file TI_BRD_LIB\Simulated_Board\SIM_Board_IO_asm.s
   Uses
      None
Comment: ADC1_DR unused
ADC3_BASE 94000000

Symbol: ADC3_BASE
   Definitions
      At line 47 in file TI_BRD_LIB\Simulated_Board\SIM_Board_IO_asm.s
   Uses
      At line 48 in file TI_BRD_LIB\Simulated_Board\SIM_Board_IO_asm.s
Comment: ADC3_BASE used once
ADC3_DR 9400004C

Symbol: ADC3_DR
   Definitions
      At line 48 in file TI_BRD_LIB\Simulated_Board\SIM_Board_IO_asm.s
   Uses
      At line 21 in file TI_BRD_LIB\Simulated_Board\SIM_Board_IO_asm.s
Comment: ADC3_DR used once
APB1ENR 0000001C

Symbol: APB1ENR
   Definitions
      At line 29 in file TI_BRD_LIB\Simulated_Board\SIM_Board_IO_asm.s
   Uses
      At line 89 in file TI_BRD_LIB\Simulated_Board\SIM_Board_IO_asm.s
      At line 91 in file TI_BRD_LIB\Simulated_Board\SIM_Board_IO_asm.s

APB2PERIPH_BASE 40010000

Symbol: APB2PERIPH_BASE
   Definitions
      At line 26 in file TI_BRD_LIB\Simulated_Board\SIM_Board_IO_asm.s
   Uses
      At line 34 in file TI_BRD_LIB\Simulated_Board\SIM_Board_IO_asm.s
      At line 40 in file TI_BRD_LIB\Simulated_Board\SIM_Board_IO_asm.s
      At line 44 in file TI_BRD_LIB\Simulated_Board\SIM_Board_IO_asm.s

GPIOE_BASE 40011800

Symbol: GPIOE_BASE
   Definitions
      At line 40 in file TI_BRD_LIB\Simulated_Board\SIM_Board_IO_asm.s
   Uses
      At line 41 in file TI_BRD_LIB\Simulated_Board\SIM_Board_IO_asm.s
Comment: GPIOE_BASE used once



ARM Macro Assembler    Page 2 Alphabetic symbol ordering
Absolute symbols

GPIOG_BASE 40012000

Symbol: GPIOG_BASE
   Definitions
      At line 34 in file TI_BRD_LIB\Simulated_Board\SIM_Board_IO_asm.s
   Uses
      At line 35 in file TI_BRD_LIB\Simulated_Board\SIM_Board_IO_asm.s
      At line 36 in file TI_BRD_LIB\Simulated_Board\SIM_Board_IO_asm.s
      At line 37 in file TI_BRD_LIB\Simulated_Board\SIM_Board_IO_asm.s

GPIO_E_PIN 40011808

Symbol: GPIO_E_PIN
   Definitions
      At line 41 in file TI_BRD_LIB\Simulated_Board\SIM_Board_IO_asm.s
   Uses
      At line 20 in file TI_BRD_LIB\Simulated_Board\SIM_Board_IO_asm.s
Comment: GPIO_E_PIN used once
GPIO_G_CLR 40012012

Symbol: GPIO_G_CLR
   Definitions
      At line 36 in file TI_BRD_LIB\Simulated_Board\SIM_Board_IO_asm.s
   Uses
      At line 18 in file TI_BRD_LIB\Simulated_Board\SIM_Board_IO_asm.s
Comment: GPIO_G_CLR used once
GPIO_G_PIN 40012008

Symbol: GPIO_G_PIN
   Definitions
      At line 37 in file TI_BRD_LIB\Simulated_Board\SIM_Board_IO_asm.s
   Uses
      At line 19 in file TI_BRD_LIB\Simulated_Board\SIM_Board_IO_asm.s
Comment: GPIO_G_PIN used once
GPIO_G_SET 40012010

Symbol: GPIO_G_SET
   Definitions
      At line 35 in file TI_BRD_LIB\Simulated_Board\SIM_Board_IO_asm.s
   Uses
      At line 17 in file TI_BRD_LIB\Simulated_Board\SIM_Board_IO_asm.s
Comment: GPIO_G_SET used once
PERIPH_BASE 40000000

Symbol: PERIPH_BASE
   Definitions
      At line 25 in file TI_BRD_LIB\Simulated_Board\SIM_Board_IO_asm.s
   Uses
      At line 26 in file TI_BRD_LIB\Simulated_Board\SIM_Board_IO_asm.s
Comment: PERIPH_BASE used once
RCC_APB1Periph_TIM4 00000004

Symbol: RCC_APB1Periph_TIM4
   Definitions
      At line 30 in file TI_BRD_LIB\Simulated_Board\SIM_Board_IO_asm.s
   Uses
      At line 90 in file TI_BRD_LIB\Simulated_Board\SIM_Board_IO_asm.s
Comment: RCC_APB1Periph_TIM4 used once
RCC_BASE 40021000



ARM Macro Assembler    Page 3 Alphabetic symbol ordering
Absolute symbols


Symbol: RCC_BASE
   Definitions
      At line 28 in file TI_BRD_LIB\Simulated_Board\SIM_Board_IO_asm.s
   Uses
      At line 88 in file TI_BRD_LIB\Simulated_Board\SIM_Board_IO_asm.s
Comment: RCC_BASE used once
TIMx_ARR 0000002C

Symbol: TIMx_ARR
   Definitions
      At line 59 in file TI_BRD_LIB\Simulated_Board\SIM_Board_IO_asm.s
   Uses
      At line 97 in file TI_BRD_LIB\Simulated_Board\SIM_Board_IO_asm.s
Comment: TIMx_ARR used once
TIMx_CNT 00000024

Symbol: TIMx_CNT
   Definitions
      At line 57 in file TI_BRD_LIB\Simulated_Board\SIM_Board_IO_asm.s
   Uses
      At line 60 in file TI_BRD_LIB\Simulated_Board\SIM_Board_IO_asm.s
Comment: TIMx_CNT used once
TIMx_CR1 00000000

Symbol: TIMx_CR1
   Definitions
      At line 52 in file TI_BRD_LIB\Simulated_Board\SIM_Board_IO_asm.s
   Uses
      At line 101 in file TI_BRD_LIB\Simulated_Board\SIM_Board_IO_asm.s
Comment: TIMx_CR1 used once
TIMx_CR2 00000004

Symbol: TIMx_CR2
   Definitions
      At line 53 in file TI_BRD_LIB\Simulated_Board\SIM_Board_IO_asm.s
   Uses
      None
Comment: TIMx_CR2 unused
TIMx_DIER 0000000C

Symbol: TIMx_DIER
   Definitions
      At line 54 in file TI_BRD_LIB\Simulated_Board\SIM_Board_IO_asm.s
   Uses
      None
Comment: TIMx_DIER unused
TIMx_EGR 00000014

Symbol: TIMx_EGR
   Definitions
      At line 56 in file TI_BRD_LIB\Simulated_Board\SIM_Board_IO_asm.s
   Uses
      At line 99 in file TI_BRD_LIB\Simulated_Board\SIM_Board_IO_asm.s
Comment: TIMx_EGR used once
TIMx_PSC 00000028

Symbol: TIMx_PSC
   Definitions



ARM Macro Assembler    Page 4 Alphabetic symbol ordering
Absolute symbols

      At line 58 in file TI_BRD_LIB\Simulated_Board\SIM_Board_IO_asm.s
   Uses
      At line 95 in file TI_BRD_LIB\Simulated_Board\SIM_Board_IO_asm.s
Comment: TIMx_PSC used once
TIMx_SR 00000010

Symbol: TIMx_SR
   Definitions
      At line 55 in file TI_BRD_LIB\Simulated_Board\SIM_Board_IO_asm.s
   Uses
      None
Comment: TIMx_SR unused
timer 40000824

Symbol: timer
   Definitions
      At line 60 in file TI_BRD_LIB\Simulated_Board\SIM_Board_IO_asm.s
   Uses
      At line 23 in file TI_BRD_LIB\Simulated_Board\SIM_Board_IO_asm.s
Comment: timer used once
timer4_base 40000800

Symbol: timer4_base
   Definitions
      At line 51 in file TI_BRD_LIB\Simulated_Board\SIM_Board_IO_asm.s
   Uses
      At line 60 in file TI_BRD_LIB\Simulated_Board\SIM_Board_IO_asm.s
      At line 93 in file TI_BRD_LIB\Simulated_Board\SIM_Board_IO_asm.s

25 symbols



ARM Macro Assembler    Page 1 Alphabetic symbol ordering
External symbols

TFT_cls 00000000

Symbol: TFT_cls
   Definitions
      At line 15 in file TI_BRD_LIB\Simulated_Board\SIM_Board_IO_asm.s
   Uses
      At line 108 in file TI_BRD_LIB\Simulated_Board\SIM_Board_IO_asm.s
Comment: TFT_cls used once
TFT_cursor_off 00000000

Symbol: TFT_cursor_off
   Definitions
      At line 14 in file TI_BRD_LIB\Simulated_Board\SIM_Board_IO_asm.s
   Uses
      At line 107 in file TI_BRD_LIB\Simulated_Board\SIM_Board_IO_asm.s
Comment: TFT_cursor_off used once
2 symbols
364 symbols in table
