


ARM Macro Assembler    Page 1 


    1 00000000         ;******************** (C) COPYRIGHT 2011 STMicroelectron
                       ics ********************
    2 00000000         ;* File Name          : startup_stm32f4xx.s
    3 00000000         ;* Author             : MCD Application Team
    4 00000000         ;* Version            : V1.0.0RC1
    5 00000000         ;* Date               : 25-August-2011
    6 00000000         ;* Description        : STM32F4xx devices vector table f
                       or MDK-ARM toolchain. 
    7 00000000         ;*                      This module performs:
    8 00000000         ;*                      - Set the initial SP
    9 00000000         ;*                      - Set the initial PC == Reset_Ha
                       ndler
   10 00000000         ;*                      - Set the vector table entries w
                       ith the exceptions ISR address
   11 00000000         ;*                      - Branches to __main in the C li
                       brary (which eventually
   12 00000000         ;*                        calls main()).
   13 00000000         ;*                      After Reset the CortexM4 process
                       or is in Thread mode,
   14 00000000         ;*                      priority is Privileged, and the 
                       Stack is set to Main.
   15 00000000         ;* <<< Use Configuration Wizard in Context Menu >>>   
   16 00000000         ;*******************************************************
                       ************************
   17 00000000         ; THE PRESENT FIRMWARE WHICH IS FOR GUIDANCE ONLY AIMS A
                       T PROVIDING CUSTOMERS
   18 00000000         ; WITH CODING INFORMATION REGARDING THEIR PRODUCTS IN OR
                       DER FOR THEM TO SAVE TIME.
   19 00000000         ; AS A RESULT, STMICROELECTRONICS SHALL NOT BE HELD LIAB
                       LE FOR ANY DIRECT,
   20 00000000         ; INDIRECT OR CONSEQUENTIAL DAMAGES WITH RESPECT TO ANY 
                       CLAIMS ARISING FROM THE
   21 00000000         ; CONTENT OF SUCH FIRMWARE AND/OR THE USE MADE BY CUSTOM
                       ERS OF THE CODING
   22 00000000         ; INFORMATION CONTAINED HEREIN IN CONNECTION WITH THEIR 
                       PRODUCTS.
   23 00000000         ;*******************************************************
                       ************************
   24 00000000         
   25 00000000         ; Amount of memory (in bytes) allocated for Stack
   26 00000000         ; Tailor this value to your application needs
   27 00000000         ; <h> Stack Configuration
   28 00000000         ;   <o> Stack Size (in Bytes) <0x0-0xFFFFFFFF:8>
   29 00000000         ; </h>
   30 00000000         
   31 00000000         ; make 4K stack
   32 00000000 00001000 
                       Stack_Size
                               EQU              0x00001000
   33 00000000         
   34 00000000                 AREA             STACK, NOINIT, READWRITE, ALIGN
=3
   35 00000000         Stack_Mem
                               SPACE            Stack_Size
   36 00001000         __initial_sp
   37 00001000         
   38 00001000         
   39 00001000         ; <h> Heap Configuration
   40 00001000         ;   <o>  Heap Size (in Bytes) <0x0-0xFFFFFFFF:8>



ARM Macro Assembler    Page 2 


   41 00001000         ; </h>
   42 00001000         
   43 00001000         ; make 32K heap
   44 00001000 00008000 
                       Heap_Size
                               EQU              0x00008000
   45 00001000         
   46 00001000                 AREA             HEAP, NOINIT, READWRITE, ALIGN=
3
   47 00000000         __heap_base
   48 00000000         Heap_Mem
                               SPACE            Heap_Size
   49 00008000         __heap_limit
   50 00008000         
   51 00008000                 PRESERVE8
   52 00008000                 THUMB
   53 00008000         
   54 00008000         
   55 00008000         ; Vector Table Mapped to Address 0 at Reset
   56 00008000                 AREA             RESET, DATA, READONLY
   57 00000000                 EXPORT           __Vectors
   58 00000000                 EXPORT           __Vectors_End
   59 00000000                 EXPORT           __Vectors_Size
   60 00000000         
   61 00000000 00000000 
                       __Vectors
                               DCD              __initial_sp ; Top of Stack
   62 00000004 00000000        DCD              Reset_Handler ; Reset Handler
   63 00000008 00000000        DCD              NMI_Handler ; NMI Handler
   64 0000000C 00000000        DCD              HardFault_Handler ; Hard Fault 
                                                            Handler
   65 00000010 00000000        DCD              MemManage_Handler 
                                                            ; MPU Fault Handler
                                                            
   66 00000014 00000000        DCD              BusFault_Handler 
                                                            ; Bus Fault Handler
                                                            
   67 00000018 00000000        DCD              UsageFault_Handler ; Usage Faul
                                                            t Handler
   68 0000001C 00000000        DCD              0           ; Reserved
   69 00000020 00000000        DCD              0           ; Reserved
   70 00000024 00000000        DCD              0           ; Reserved
   71 00000028 00000000        DCD              0           ; Reserved
   72 0000002C 00000000        DCD              SVC_Handler ; SVCall Handler
   73 00000030 00000000        DCD              DebugMon_Handler ; Debug Monito
                                                            r Handler
   74 00000034 00000000        DCD              0           ; Reserved
   75 00000038 00000000        DCD              PendSV_Handler ; PendSV Handler
                                                            
   76 0000003C 00000000        DCD              SysTick_Handler 
                                                            ; SysTick Handler
   77 00000040         
   78 00000040         ; External Interrupts
   79 00000040 00000000        DCD              WWDG_IRQHandler ; Window WatchD
                                                            og                 
                                                                               
                                                                
   80 00000044 00000000        DCD              PVD_IRQHandler ; PVD through EX
                                                            TI Line detection  



ARM Macro Assembler    Page 3 


                                                                               
                                                               
   81 00000048 00000000        DCD              TAMP_STAMP_IRQHandler ; Tamper 
                                                            and TimeStamps thro
                                                            ugh the EXTI line  
                                                                      
   82 0000004C 00000000        DCD              RTC_WKUP_IRQHandler ; RTC Wakeu
                                                            p through the EXTI 
                                                            line               
                                                                    
   83 00000050 00000000        DCD              FLASH_IRQHandler ; FLASH       
                                                                               
                                                                             
   84 00000054 00000000        DCD              RCC_IRQHandler ; RCC           
                                                                               
                                                                           
   85 00000058 00000000        DCD              EXTI0_IRQHandler ; EXTI Line0  
                                                                               
                                                                               
                                                                 
   86 0000005C 00000000        DCD              EXTI1_IRQHandler ; EXTI Line1  
                                                                               
                                                                               
                                                                 
   87 00000060 00000000        DCD              EXTI2_IRQHandler ; EXTI Line2  
                                                                               
                                                                               
                                                                 
   88 00000064 00000000        DCD              EXTI3_IRQHandler ; EXTI Line3  
                                                                               
                                                                               
                                                                 
   89 00000068 00000000        DCD              EXTI4_IRQHandler ; EXTI Line4  
                                                                               
                                                                               
                                                                 
   90 0000006C 00000000        DCD              DMA1_Stream0_IRQHandler ; DMA1 
                                                            Stream 0           
                                                                               
                                                                 
   91 00000070 00000000        DCD              DMA1_Stream1_IRQHandler ; DMA1 
                                                            Stream 1           
                                                                               
                                                                 
   92 00000074 00000000        DCD              DMA1_Stream2_IRQHandler ; DMA1 
                                                            Stream 2           
                                                                               
                                                                 
   93 00000078 00000000        DCD              DMA1_Stream3_IRQHandler ; DMA1 
                                                            Stream 3           
                                                                               
                                                                 
   94 0000007C 00000000        DCD              DMA1_Stream4_IRQHandler ; DMA1 
                                                            Stream 4           
                                                                               
                                                                 
   95 00000080 00000000        DCD              DMA1_Stream5_IRQHandler ; DMA1 
                                                            Stream 5           
                                                                               



ARM Macro Assembler    Page 4 


                                                                 
   96 00000084 00000000        DCD              DMA1_Stream6_IRQHandler ; DMA1 
                                                            Stream 6           
                                                                               
                                                                 
   97 00000088 00000000        DCD              ADC_IRQHandler ; ADC1, ADC2 and
                                                             ADC3s             
                                                                           
   98 0000008C 00000000        DCD              CAN1_TX_IRQHandler ; CAN1 TX   
                                                                               
                                                                               
                                                                   
   99 00000090 00000000        DCD              CAN1_RX0_IRQHandler ; CAN1 RX0 
                                                                               
                                                                               
                                                                    
  100 00000094 00000000        DCD              CAN1_RX1_IRQHandler ; CAN1 RX1 
                                                                               
                                                                               
                                                                    
  101 00000098 00000000        DCD              CAN1_SCE_IRQHandler ; CAN1 SCE 
                                                                               
                                                                               
                                                                    
  102 0000009C 00000000        DCD              EXTI9_5_IRQHandler ; External L
                                                            ine[9:5]s          
                                                                               
                                                                   
  103 000000A0 00000000        DCD              TIM1_BRK_TIM9_IRQHandler ; TIM1
                                                             Break and TIM9    
                                                                           
  104 000000A4 00000000        DCD              TIM1_UP_TIM10_IRQHandler ; TIM1
                                                             Update and TIM10  
                                                                           
  105 000000A8 00000000        DCD              TIM1_TRG_COM_TIM11_IRQHandler ;
                                                             TIM1 Trigger and C
                                                            ommutation and TIM1
                                                            1
  106 000000AC 00000000        DCD              TIM1_CC_IRQHandler ; TIM1 Captu
                                                            re Compare         
                                                                               
                                                                   
  107 000000B0 00000000        DCD              TIM2_IRQHandler ; TIM2         
                                                                               
                                                                            
  108 000000B4 00000000        DCD              TIM3_IRQHandler ; TIM3         
                                                                               
                                                                            
  109 000000B8 00000000        DCD              TIM4_IRQHandler ; TIM4         
                                                                               
                                                                            
  110 000000BC 00000000        DCD              I2C1_EV_IRQHandler ; I2C1 Event
                                                                               
                                                                               
                                                                   
  111 000000C0 00000000        DCD              I2C1_ER_IRQHandler ; I2C1 Error
                                                                               
                                                                               
                                                                   



ARM Macro Assembler    Page 5 


  112 000000C4 00000000        DCD              I2C2_EV_IRQHandler ; I2C2 Event
                                                                               
                                                                               
                                                                   
  113 000000C8 00000000        DCD              I2C2_ER_IRQHandler ; I2C2 Error
                                                                               
                                                                               
                                                                     
  114 000000CC 00000000        DCD              SPI1_IRQHandler ; SPI1         
                                                                               
                                                                            
  115 000000D0 00000000        DCD              SPI2_IRQHandler ; SPI2         
                                                                               
                                                                            
  116 000000D4 00000000        DCD              USART1_IRQHandler ; USART1     
                                                                               
                                                                              
  117 000000D8 00000000        DCD              USART2_IRQHandler ; USART2     
                                                                               
                                                                              
  118 000000DC 00000000        DCD              USART3_IRQHandler ; USART3     
                                                                               
                                                                              
  119 000000E0 00000000        DCD              EXTI15_10_IRQHandler ; External
                                                             Line[15:10]s      
                                                                               
                                                                     
  120 000000E4 00000000        DCD              RTC_Alarm_IRQHandler ; RTC Alar
                                                            m (A and B) through
                                                             EXTI Line         
                                                                     
  121 000000E8 00000000        DCD              OTG_FS_WKUP_IRQHandler ; USB OT
                                                            G FS Wakeup through
                                                             EXTI line         
                                                                           
  122 000000EC 00000000        DCD              TIM8_BRK_TIM12_IRQHandler ; TIM
                                                            8 Break and TIM12  
                                                                            
  123 000000F0 00000000        DCD              TIM8_UP_TIM13_IRQHandler ; TIM8
                                                             Update and TIM13  
                                                                           
  124 000000F4 00000000        DCD              TIM8_TRG_COM_TIM14_IRQHandler ;
                                                             TIM8 Trigger and C
                                                            ommutation and TIM1
                                                            4
  125 000000F8 00000000        DCD              TIM8_CC_IRQHandler ; TIM8 Captu
                                                            re Compare         
                                                                               
                                                                   
  126 000000FC 00000000        DCD              DMA1_Stream7_IRQHandler ; DMA1 
                                                            Stream7            
                                                                               
                                                                        
  127 00000100 00000000        DCD              FSMC_IRQHandler ; FSMC         
                                                                               
                                                                            
  128 00000104 00000000        DCD              SDIO_IRQHandler ; SDIO         
                                                                               
                                                                            



ARM Macro Assembler    Page 6 


  129 00000108 00000000        DCD              TIM5_IRQHandler ; TIM5         
                                                                               
                                                                            
  130 0000010C 00000000        DCD              SPI3_IRQHandler ; SPI3         
                                                                               
                                                                            
  131 00000110 00000000        DCD              UART4_IRQHandler ; UART4       
                                                                               
                                                                             
  132 00000114 00000000        DCD              UART5_IRQHandler ; UART5       
                                                                               
                                                                             
  133 00000118 00000000        DCD              TIM6_DAC_IRQHandler ; TIM6 and 
                                                            DAC1&2 underrun err
                                                            ors                
                                                               
  134 0000011C 00000000        DCD              TIM7_IRQHandler ; TIM7         
                                                                      
  135 00000120 00000000        DCD              DMA2_Stream0_IRQHandler ; DMA2 
                                                            Stream 0           
                                                                               
                                                                 
  136 00000124 00000000        DCD              DMA2_Stream1_IRQHandler ; DMA2 
                                                            Stream 1           
                                                                               
                                                                 
  137 00000128 00000000        DCD              DMA2_Stream2_IRQHandler ; DMA2 
                                                            Stream 2           
                                                                               
                                                                 
  138 0000012C 00000000        DCD              DMA2_Stream3_IRQHandler ; DMA2 
                                                            Stream 3           
                                                                               
                                                                 
  139 00000130 00000000        DCD              DMA2_Stream4_IRQHandler ; DMA2 
                                                            Stream 4           
                                                                               
                                                                 
  140 00000134 00000000        DCD              ETH_IRQHandler ; Ethernet      
                                                                               
                                                                           
  141 00000138 00000000        DCD              ETH_WKUP_IRQHandler ; Ethernet 
                                                            Wakeup through EXTI
                                                             line              
                                                                    
  142 0000013C 00000000        DCD              CAN2_TX_IRQHandler ; CAN2 TX   
                                                                               
                                                                               
                                                                   
  143 00000140 00000000        DCD              CAN2_RX0_IRQHandler ; CAN2 RX0 
                                                                               
                                                                               
                                                                    
  144 00000144 00000000        DCD              CAN2_RX1_IRQHandler ; CAN2 RX1 
                                                                               
                                                                               
                                                                    
  145 00000148 00000000        DCD              CAN2_SCE_IRQHandler ; CAN2 SCE 
                                                                               



ARM Macro Assembler    Page 7 


                                                                               
                                                                    
  146 0000014C 00000000        DCD              OTG_FS_IRQHandler ; USB OTG FS 
                                                                               
                                                                              
  147 00000150 00000000        DCD              DMA2_Stream5_IRQHandler ; DMA2 
                                                            Stream 5           
                                                                               
                                                                 
  148 00000154 00000000        DCD              DMA2_Stream6_IRQHandler ; DMA2 
                                                            Stream 6           
                                                                               
                                                                 
  149 00000158 00000000        DCD              DMA2_Stream7_IRQHandler ; DMA2 
                                                            Stream 7           
                                                                               
                                                                 
  150 0000015C 00000000        DCD              USART6_IRQHandler ; USART6     
                                                                               
                                                                               
                                                            
  151 00000160 00000000        DCD              I2C3_EV_IRQHandler ; I2C3 event
                                                                               
                                                                               
                                                                   
  152 00000164 00000000        DCD              I2C3_ER_IRQHandler ; I2C3 error
                                                                               
                                                                               
                                                                   
  153 00000168 00000000        DCD              OTG_HS_EP1_OUT_IRQHandler ; USB
                                                             OTG HS End Point 1
                                                             Out               
                                                                   
  154 0000016C 00000000        DCD              OTG_HS_EP1_IN_IRQHandler ; USB 
                                                            OTG HS End Point 1 
                                                            In                 
                                                                  
  155 00000170 00000000        DCD              OTG_HS_WKUP_IRQHandler ; USB OT
                                                            G HS Wakeup through
                                                             EXTI              
                                                                       
  156 00000174 00000000        DCD              OTG_HS_IRQHandler ; USB OTG HS 
                                                                               
                                                                              
  157 00000178 00000000        DCD              DCMI_IRQHandler ; DCMI         
                                                                               
                                                                            
  158 0000017C 00000000        DCD              CRYP_IRQHandler ; CRYP crypto  
                                                                               
                                                                            
  159 00000180 00000000        DCD              HASH_RNG_IRQHandler 
                                                            ; Hash and Rng
  160 00000184 00000000        DCD              FPU_IRQHandler ; FPU
  161 00000188         
  162 00000188         __Vectors_End
  163 00000188         
  164 00000188 00000188 
                       __Vectors_Size
                               EQU              __Vectors_End - __Vectors



ARM Macro Assembler    Page 8 


  165 00000188         
  166 00000188                 AREA             |.text|, CODE, READONLY
  167 00000000         
  168 00000000         ; Reset handler
  169 00000000         Reset_Handler
                               PROC
  170 00000000                 EXPORT           Reset_Handler             [WEAK
]
  171 00000000                 IMPORT           SystemInit
  172 00000000                 IMPORT           __main
  173 00000000         
  174 00000000         ;FPU settings
  175 00000000 480C            LDR              R0, =0xE000ED88 
                                                            ; Enable CP10,CP11
  176 00000002 6801            LDR              R1,[R0]
  177 00000004 F441 0170       ORR              R1,R1,#(0xF << 20)
  178 00000008 6001            STR              R1,[R0]
  179 0000000A         
  180 0000000A 480B            LDR              R0, =SystemInit
  181 0000000C 4780            BLX              R0
  182 0000000E 480B            LDR              R0, =__main
  183 00000010 4700            BX               R0
  184 00000012                 ENDP
  185 00000012         
  186 00000012         ; Dummy Exception Handlers (infinite loops which can be 
                       modified)
  187 00000012         
  188 00000012         NMI_Handler
                               PROC
  189 00000012                 EXPORT           NMI_Handler                [WEA
K]
  190 00000012 E7FE            B                .
  191 00000014                 ENDP
  193 00000014         HardFault_Handler
                               PROC
  194 00000014                 EXPORT           HardFault_Handler          [WEA
K]
  195 00000014 E7FE            B                .
  196 00000016                 ENDP
  198 00000016         MemManage_Handler
                               PROC
  199 00000016                 EXPORT           MemManage_Handler          [WEA
K]
  200 00000016 E7FE            B                .
  201 00000018                 ENDP
  203 00000018         BusFault_Handler
                               PROC
  204 00000018                 EXPORT           BusFault_Handler           [WEA
K]
  205 00000018 E7FE            B                .
  206 0000001A                 ENDP
  208 0000001A         UsageFault_Handler
                               PROC
  209 0000001A                 EXPORT           UsageFault_Handler         [WEA
K]
  210 0000001A E7FE            B                .
  211 0000001C                 ENDP
  212 0000001C         SVC_Handler
                               PROC



ARM Macro Assembler    Page 9 


  213 0000001C                 EXPORT           SVC_Handler                [WEA
K]
  214 0000001C E7FE            B                .
  215 0000001E                 ENDP
  217 0000001E         DebugMon_Handler
                               PROC
  218 0000001E                 EXPORT           DebugMon_Handler           [WEA
K]
  219 0000001E E7FE            B                .
  220 00000020                 ENDP
  221 00000020         PendSV_Handler
                               PROC
  222 00000020                 EXPORT           PendSV_Handler             [WEA
K]
  223 00000020 E7FE            B                .
  224 00000022                 ENDP
  225 00000022         SysTick_Handler
                               PROC
  226 00000022                 EXPORT           SysTick_Handler            [WEA
K]
  227 00000022 E7FE            B                .
  228 00000024                 ENDP
  229 00000024         
  230 00000024         Default_Handler
                               PROC
  231 00000024         
  232 00000024                 EXPORT           WWDG_IRQHandler                
   [WEAK]
  233 00000024                 EXPORT           PVD_IRQHandler                 
   [WEAK]
  234 00000024                 EXPORT           TAMP_STAMP_IRQHandler          
   [WEAK]
  235 00000024                 EXPORT           RTC_WKUP_IRQHandler            
   [WEAK]
  236 00000024                 EXPORT           FLASH_IRQHandler               
   [WEAK]
  237 00000024                 EXPORT           RCC_IRQHandler                 
   [WEAK]
  238 00000024                 EXPORT           EXTI0_IRQHandler               
   [WEAK]
  239 00000024                 EXPORT           EXTI1_IRQHandler               
   [WEAK]
  240 00000024                 EXPORT           EXTI2_IRQHandler               
   [WEAK]
  241 00000024                 EXPORT           EXTI3_IRQHandler               
   [WEAK]
  242 00000024                 EXPORT           EXTI4_IRQHandler               
   [WEAK]
  243 00000024                 EXPORT           DMA1_Stream0_IRQHandler        
   [WEAK]
  244 00000024                 EXPORT           DMA1_Stream1_IRQHandler        
   [WEAK]
  245 00000024                 EXPORT           DMA1_Stream2_IRQHandler        
   [WEAK]
  246 00000024                 EXPORT           DMA1_Stream3_IRQHandler        
   [WEAK]
  247 00000024                 EXPORT           DMA1_Stream4_IRQHandler        
   [WEAK]
  248 00000024                 EXPORT           DMA1_Stream5_IRQHandler        



ARM Macro Assembler    Page 10 


   [WEAK]
  249 00000024                 EXPORT           DMA1_Stream6_IRQHandler        
   [WEAK]
  250 00000024                 EXPORT           ADC_IRQHandler                 
   [WEAK]
  251 00000024                 EXPORT           CAN1_TX_IRQHandler             
   [WEAK]
  252 00000024                 EXPORT           CAN1_RX0_IRQHandler            
   [WEAK]
  253 00000024                 EXPORT           CAN1_RX1_IRQHandler            
   [WEAK]
  254 00000024                 EXPORT           CAN1_SCE_IRQHandler            
   [WEAK]
  255 00000024                 EXPORT           EXTI9_5_IRQHandler             
   [WEAK]
  256 00000024                 EXPORT           TIM1_BRK_TIM9_IRQHandler       
   [WEAK]
  257 00000024                 EXPORT           TIM1_UP_TIM10_IRQHandler       
   [WEAK]
  258 00000024                 EXPORT           TIM1_TRG_COM_TIM11_IRQHandler  
   [WEAK]
  259 00000024                 EXPORT           TIM1_CC_IRQHandler             
   [WEAK]
  260 00000024                 EXPORT           TIM2_IRQHandler                
   [WEAK]
  261 00000024                 EXPORT           TIM3_IRQHandler                
   [WEAK]
  262 00000024                 EXPORT           TIM4_IRQHandler                
   [WEAK]
  263 00000024                 EXPORT           I2C1_EV_IRQHandler             
   [WEAK]
  264 00000024                 EXPORT           I2C1_ER_IRQHandler             
   [WEAK]
  265 00000024                 EXPORT           I2C2_EV_IRQHandler             
   [WEAK]
  266 00000024                 EXPORT           I2C2_ER_IRQHandler             
   [WEAK]
  267 00000024                 EXPORT           SPI1_IRQHandler                
   [WEAK]
  268 00000024                 EXPORT           SPI2_IRQHandler                
   [WEAK]
  269 00000024                 EXPORT           USART1_IRQHandler              
   [WEAK]
  270 00000024                 EXPORT           USART2_IRQHandler              
   [WEAK]
  271 00000024                 EXPORT           USART3_IRQHandler              
   [WEAK]
  272 00000024                 EXPORT           EXTI15_10_IRQHandler           
   [WEAK]
  273 00000024                 EXPORT           RTC_Alarm_IRQHandler           
   [WEAK]
  274 00000024                 EXPORT           OTG_FS_WKUP_IRQHandler         
   [WEAK]
  275 00000024                 EXPORT           TIM8_BRK_TIM12_IRQHandler      
   [WEAK]
  276 00000024                 EXPORT           TIM8_UP_TIM13_IRQHandler       
   [WEAK]
  277 00000024                 EXPORT           TIM8_TRG_COM_TIM14_IRQHandler  
   [WEAK]



ARM Macro Assembler    Page 11 


  278 00000024                 EXPORT           TIM8_CC_IRQHandler             
   [WEAK]
  279 00000024                 EXPORT           DMA1_Stream7_IRQHandler        
   [WEAK]
  280 00000024                 EXPORT           FSMC_IRQHandler                
   [WEAK]
  281 00000024                 EXPORT           SDIO_IRQHandler                
   [WEAK]
  282 00000024                 EXPORT           TIM5_IRQHandler                
   [WEAK]
  283 00000024                 EXPORT           SPI3_IRQHandler                
   [WEAK]
  284 00000024                 EXPORT           UART4_IRQHandler               
   [WEAK]
  285 00000024                 EXPORT           UART5_IRQHandler               
   [WEAK]
  286 00000024                 EXPORT           TIM6_DAC_IRQHandler            
   [WEAK]
  287 00000024                 EXPORT           TIM7_IRQHandler                
   [WEAK]
  288 00000024                 EXPORT           DMA2_Stream0_IRQHandler        
   [WEAK]
  289 00000024                 EXPORT           DMA2_Stream1_IRQHandler        
   [WEAK]
  290 00000024                 EXPORT           DMA2_Stream2_IRQHandler        
   [WEAK]
  291 00000024                 EXPORT           DMA2_Stream3_IRQHandler        
   [WEAK]
  292 00000024                 EXPORT           DMA2_Stream4_IRQHandler        
   [WEAK]
  293 00000024                 EXPORT           ETH_IRQHandler                 
   [WEAK]
  294 00000024                 EXPORT           ETH_WKUP_IRQHandler            
   [WEAK]
  295 00000024                 EXPORT           CAN2_TX_IRQHandler             
   [WEAK]
  296 00000024                 EXPORT           CAN2_RX0_IRQHandler            
   [WEAK]
  297 00000024                 EXPORT           CAN2_RX1_IRQHandler            
   [WEAK]
  298 00000024                 EXPORT           CAN2_SCE_IRQHandler            
   [WEAK]
  299 00000024                 EXPORT           OTG_FS_IRQHandler              
   [WEAK]
  300 00000024                 EXPORT           DMA2_Stream5_IRQHandler        
   [WEAK]
  301 00000024                 EXPORT           DMA2_Stream6_IRQHandler        
   [WEAK]
  302 00000024                 EXPORT           DMA2_Stream7_IRQHandler        
   [WEAK]
  303 00000024                 EXPORT           USART6_IRQHandler              
   [WEAK]
  304 00000024                 EXPORT           I2C3_EV_IRQHandler             
   [WEAK]
  305 00000024                 EXPORT           I2C3_ER_IRQHandler             
   [WEAK]
  306 00000024                 EXPORT           OTG_HS_EP1_OUT_IRQHandler      
   [WEAK]
  307 00000024                 EXPORT           OTG_HS_EP1_IN_IRQHandler       



ARM Macro Assembler    Page 12 


   [WEAK]
  308 00000024                 EXPORT           OTG_HS_WKUP_IRQHandler         
   [WEAK]
  309 00000024                 EXPORT           OTG_HS_IRQHandler              
   [WEAK]
  310 00000024                 EXPORT           DCMI_IRQHandler                
   [WEAK]
  311 00000024                 EXPORT           CRYP_IRQHandler                
   [WEAK]
  312 00000024                 EXPORT           HASH_RNG_IRQHandler            
   [WEAK]
  313 00000024                 EXPORT           FPU_IRQHandler                 
   [WEAK]
  314 00000024         
  315 00000024         WWDG_IRQHandler
  316 00000024         PVD_IRQHandler
  317 00000024         TAMP_STAMP_IRQHandler
  318 00000024         RTC_WKUP_IRQHandler
  319 00000024         FLASH_IRQHandler
  320 00000024         RCC_IRQHandler
  321 00000024         EXTI0_IRQHandler
  322 00000024         EXTI1_IRQHandler
  323 00000024         EXTI2_IRQHandler
  324 00000024         EXTI3_IRQHandler
  325 00000024         EXTI4_IRQHandler
  326 00000024         DMA1_Stream0_IRQHandler
  327 00000024         DMA1_Stream1_IRQHandler
  328 00000024         DMA1_Stream2_IRQHandler
  329 00000024         DMA1_Stream3_IRQHandler
  330 00000024         DMA1_Stream4_IRQHandler
  331 00000024         DMA1_Stream5_IRQHandler
  332 00000024         DMA1_Stream6_IRQHandler
  333 00000024         ADC_IRQHandler
  334 00000024         CAN1_TX_IRQHandler
  335 00000024         CAN1_RX0_IRQHandler
  336 00000024         CAN1_RX1_IRQHandler
  337 00000024         CAN1_SCE_IRQHandler
  338 00000024         EXTI9_5_IRQHandler
  339 00000024         TIM1_BRK_TIM9_IRQHandler
  340 00000024         TIM1_UP_TIM10_IRQHandler
  341 00000024         TIM1_TRG_COM_TIM11_IRQHandler
  342 00000024         TIM1_CC_IRQHandler
  343 00000024         TIM2_IRQHandler
  344 00000024         TIM3_IRQHandler
  345 00000024         TIM4_IRQHandler
  346 00000024         I2C1_EV_IRQHandler
  347 00000024         I2C1_ER_IRQHandler
  348 00000024         I2C2_EV_IRQHandler
  349 00000024         I2C2_ER_IRQHandler
  350 00000024         SPI1_IRQHandler
  351 00000024         SPI2_IRQHandler
  352 00000024         USART1_IRQHandler
  353 00000024         USART2_IRQHandler
  354 00000024         USART3_IRQHandler
  355 00000024         EXTI15_10_IRQHandler
  356 00000024         RTC_Alarm_IRQHandler
  357 00000024         OTG_FS_WKUP_IRQHandler
  358 00000024         TIM8_BRK_TIM12_IRQHandler
  359 00000024         TIM8_UP_TIM13_IRQHandler



ARM Macro Assembler    Page 13 


  360 00000024         TIM8_TRG_COM_TIM14_IRQHandler
  361 00000024         TIM8_CC_IRQHandler
  362 00000024         DMA1_Stream7_IRQHandler
  363 00000024         FSMC_IRQHandler
  364 00000024         SDIO_IRQHandler
  365 00000024         TIM5_IRQHandler
  366 00000024         SPI3_IRQHandler
  367 00000024         UART4_IRQHandler
  368 00000024         UART5_IRQHandler
  369 00000024         TIM6_DAC_IRQHandler
  370 00000024         TIM7_IRQHandler
  371 00000024         DMA2_Stream0_IRQHandler
  372 00000024         DMA2_Stream1_IRQHandler
  373 00000024         DMA2_Stream2_IRQHandler
  374 00000024         DMA2_Stream3_IRQHandler
  375 00000024         DMA2_Stream4_IRQHandler
  376 00000024         ETH_IRQHandler
  377 00000024         ETH_WKUP_IRQHandler
  378 00000024         CAN2_TX_IRQHandler
  379 00000024         CAN2_RX0_IRQHandler
  380 00000024         CAN2_RX1_IRQHandler
  381 00000024         CAN2_SCE_IRQHandler
  382 00000024         OTG_FS_IRQHandler
  383 00000024         DMA2_Stream5_IRQHandler
  384 00000024         DMA2_Stream6_IRQHandler
  385 00000024         DMA2_Stream7_IRQHandler
  386 00000024         USART6_IRQHandler
  387 00000024         I2C3_EV_IRQHandler
  388 00000024         I2C3_ER_IRQHandler
  389 00000024         OTG_HS_EP1_OUT_IRQHandler
  390 00000024         OTG_HS_EP1_IN_IRQHandler
  391 00000024         OTG_HS_WKUP_IRQHandler
  392 00000024         OTG_HS_IRQHandler
  393 00000024         DCMI_IRQHandler
  394 00000024         CRYP_IRQHandler
  395 00000024         HASH_RNG_IRQHandler
  396 00000024         FPU_IRQHandler
  397 00000024         
  398 00000024 E7FE            B                .
  399 00000026         
  400 00000026                 ENDP
  401 00000026         
  402 00000026 00 00           ALIGN
  403 00000028         
  404 00000028         ;*******************************************************
                       ************************
  405 00000028         ; User Stack and Heap initialization
  406 00000028         ;*******************************************************
                       ************************
  407 00000028                 IF               :DEF:__MICROLIB
  414 00000028         
  415 00000028                 IMPORT           __use_two_region_memory
  416 00000028                 EXPORT           __user_initial_stackheap
  417 00000028         
  418 00000028         __user_initial_stackheap
  419 00000028         
  420 00000028 4805            LDR              R0, =  Heap_Mem
  421 0000002A 4906            LDR              R1, =(Stack_Mem + Stack_Size)
  422 0000002C 4A06            LDR              R2, = (Heap_Mem +  Heap_Size)



ARM Macro Assembler    Page 14 


  423 0000002E 4B07            LDR              R3, = Stack_Mem
  424 00000030 4770            BX               LR
  425 00000032         
  426 00000032 00 00           ALIGN
  427 00000034         
  428 00000034                 ENDIF
  429 00000034         
  430 00000034                 END
              E000ED88 
              00000000 
              00000000 
              00000000 
              00001000 
              00008000 
              00000000 
Command Line: --debug --xref --diag_suppress=9931 --cpu=Cortex-M4.fp --apcs=int
erwork --depend=.\objects\startup_stm32f4xx.d -o.\objects\startup_stm32f4xx.o -
IC:\Keil_v5\ARM\RV31\INC -IC:\Keil_v5\ARM\CMSIS\Include -IC:\Keil_v5\ARM\INC\ST
\STM32F4xx --predefine="__UVISION_VERSION SETA 525" --list=.\listings\startup_s
tm32f4xx.lst TI_BRD_LIB\TI-C_Board\startup_stm32f4xx.s



ARM Macro Assembler    Page 1 Alphabetic symbol ordering
Relocatable symbols

STACK 00000000

Symbol: STACK
   Definitions
      At line 34 in file TI_BRD_LIB\TI-C_Board\startup_stm32f4xx.s
   Uses
      None
Comment: STACK unused
Stack_Mem 00000000

Symbol: Stack_Mem
   Definitions
      At line 35 in file TI_BRD_LIB\TI-C_Board\startup_stm32f4xx.s
   Uses
      At line 421 in file TI_BRD_LIB\TI-C_Board\startup_stm32f4xx.s
      At line 423 in file TI_BRD_LIB\TI-C_Board\startup_stm32f4xx.s

__initial_sp 00001000

Symbol: __initial_sp
   Definitions
      At line 36 in file TI_BRD_LIB\TI-C_Board\startup_stm32f4xx.s
   Uses
      At line 61 in file TI_BRD_LIB\TI-C_Board\startup_stm32f4xx.s
Comment: __initial_sp used once
3 symbols



ARM Macro Assembler    Page 1 Alphabetic symbol ordering
Relocatable symbols

HEAP 00000000

Symbol: HEAP
   Definitions
      At line 46 in file TI_BRD_LIB\TI-C_Board\startup_stm32f4xx.s
   Uses
      None
Comment: HEAP unused
Heap_Mem 00000000

Symbol: Heap_Mem
   Definitions
      At line 48 in file TI_BRD_LIB\TI-C_Board\startup_stm32f4xx.s
   Uses
      At line 420 in file TI_BRD_LIB\TI-C_Board\startup_stm32f4xx.s
      At line 422 in file TI_BRD_LIB\TI-C_Board\startup_stm32f4xx.s

__heap_base 00000000

Symbol: __heap_base
   Definitions
      At line 47 in file TI_BRD_LIB\TI-C_Board\startup_stm32f4xx.s
   Uses
      None
Comment: __heap_base unused
__heap_limit 00008000

Symbol: __heap_limit
   Definitions
      At line 49 in file TI_BRD_LIB\TI-C_Board\startup_stm32f4xx.s
   Uses
      None
Comment: __heap_limit unused
4 symbols



ARM Macro Assembler    Page 1 Alphabetic symbol ordering
Relocatable symbols

RESET 00000000

Symbol: RESET
   Definitions
      At line 56 in file TI_BRD_LIB\TI-C_Board\startup_stm32f4xx.s
   Uses
      None
Comment: RESET unused
__Vectors 00000000

Symbol: __Vectors
   Definitions
      At line 61 in file TI_BRD_LIB\TI-C_Board\startup_stm32f4xx.s
   Uses
      At line 57 in file TI_BRD_LIB\TI-C_Board\startup_stm32f4xx.s
      At line 164 in file TI_BRD_LIB\TI-C_Board\startup_stm32f4xx.s

__Vectors_End 00000188

Symbol: __Vectors_End
   Definitions
      At line 162 in file TI_BRD_LIB\TI-C_Board\startup_stm32f4xx.s
   Uses
      At line 58 in file TI_BRD_LIB\TI-C_Board\startup_stm32f4xx.s
      At line 164 in file TI_BRD_LIB\TI-C_Board\startup_stm32f4xx.s

3 symbols



ARM Macro Assembler    Page 1 Alphabetic symbol ordering
Relocatable symbols

.text 00000000

Symbol: .text
   Definitions
      At line 166 in file TI_BRD_LIB\TI-C_Board\startup_stm32f4xx.s
   Uses
      None
Comment: .text unused
ADC_IRQHandler 00000024

Symbol: ADC_IRQHandler
   Definitions
      At line 333 in file TI_BRD_LIB\TI-C_Board\startup_stm32f4xx.s
   Uses
      At line 97 in file TI_BRD_LIB\TI-C_Board\startup_stm32f4xx.s
      At line 250 in file TI_BRD_LIB\TI-C_Board\startup_stm32f4xx.s

BusFault_Handler 00000018

Symbol: BusFault_Handler
   Definitions
      At line 203 in file TI_BRD_LIB\TI-C_Board\startup_stm32f4xx.s
   Uses
      At line 66 in file TI_BRD_LIB\TI-C_Board\startup_stm32f4xx.s
      At line 204 in file TI_BRD_LIB\TI-C_Board\startup_stm32f4xx.s

CAN1_RX0_IRQHandler 00000024

Symbol: CAN1_RX0_IRQHandler
   Definitions
      At line 335 in file TI_BRD_LIB\TI-C_Board\startup_stm32f4xx.s
   Uses
      At line 99 in file TI_BRD_LIB\TI-C_Board\startup_stm32f4xx.s
      At line 252 in file TI_BRD_LIB\TI-C_Board\startup_stm32f4xx.s

CAN1_RX1_IRQHandler 00000024

Symbol: CAN1_RX1_IRQHandler
   Definitions
      At line 336 in file TI_BRD_LIB\TI-C_Board\startup_stm32f4xx.s
   Uses
      At line 100 in file TI_BRD_LIB\TI-C_Board\startup_stm32f4xx.s
      At line 253 in file TI_BRD_LIB\TI-C_Board\startup_stm32f4xx.s

CAN1_SCE_IRQHandler 00000024

Symbol: CAN1_SCE_IRQHandler
   Definitions
      At line 337 in file TI_BRD_LIB\TI-C_Board\startup_stm32f4xx.s
   Uses
      At line 101 in file TI_BRD_LIB\TI-C_Board\startup_stm32f4xx.s
      At line 254 in file TI_BRD_LIB\TI-C_Board\startup_stm32f4xx.s

CAN1_TX_IRQHandler 00000024

Symbol: CAN1_TX_IRQHandler
   Definitions
      At line 334 in file TI_BRD_LIB\TI-C_Board\startup_stm32f4xx.s
   Uses



ARM Macro Assembler    Page 2 Alphabetic symbol ordering
Relocatable symbols

      At line 98 in file TI_BRD_LIB\TI-C_Board\startup_stm32f4xx.s
      At line 251 in file TI_BRD_LIB\TI-C_Board\startup_stm32f4xx.s

CAN2_RX0_IRQHandler 00000024

Symbol: CAN2_RX0_IRQHandler
   Definitions
      At line 379 in file TI_BRD_LIB\TI-C_Board\startup_stm32f4xx.s
   Uses
      At line 143 in file TI_BRD_LIB\TI-C_Board\startup_stm32f4xx.s
      At line 296 in file TI_BRD_LIB\TI-C_Board\startup_stm32f4xx.s

CAN2_RX1_IRQHandler 00000024

Symbol: CAN2_RX1_IRQHandler
   Definitions
      At line 380 in file TI_BRD_LIB\TI-C_Board\startup_stm32f4xx.s
   Uses
      At line 144 in file TI_BRD_LIB\TI-C_Board\startup_stm32f4xx.s
      At line 297 in file TI_BRD_LIB\TI-C_Board\startup_stm32f4xx.s

CAN2_SCE_IRQHandler 00000024

Symbol: CAN2_SCE_IRQHandler
   Definitions
      At line 381 in file TI_BRD_LIB\TI-C_Board\startup_stm32f4xx.s
   Uses
      At line 145 in file TI_BRD_LIB\TI-C_Board\startup_stm32f4xx.s
      At line 298 in file TI_BRD_LIB\TI-C_Board\startup_stm32f4xx.s

CAN2_TX_IRQHandler 00000024

Symbol: CAN2_TX_IRQHandler
   Definitions
      At line 378 in file TI_BRD_LIB\TI-C_Board\startup_stm32f4xx.s
   Uses
      At line 142 in file TI_BRD_LIB\TI-C_Board\startup_stm32f4xx.s
      At line 295 in file TI_BRD_LIB\TI-C_Board\startup_stm32f4xx.s

CRYP_IRQHandler 00000024

Symbol: CRYP_IRQHandler
   Definitions
      At line 394 in file TI_BRD_LIB\TI-C_Board\startup_stm32f4xx.s
   Uses
      At line 158 in file TI_BRD_LIB\TI-C_Board\startup_stm32f4xx.s
      At line 311 in file TI_BRD_LIB\TI-C_Board\startup_stm32f4xx.s

DCMI_IRQHandler 00000024

Symbol: DCMI_IRQHandler
   Definitions
      At line 393 in file TI_BRD_LIB\TI-C_Board\startup_stm32f4xx.s
   Uses
      At line 157 in file TI_BRD_LIB\TI-C_Board\startup_stm32f4xx.s
      At line 310 in file TI_BRD_LIB\TI-C_Board\startup_stm32f4xx.s

DMA1_Stream0_IRQHandler 00000024




ARM Macro Assembler    Page 3 Alphabetic symbol ordering
Relocatable symbols

Symbol: DMA1_Stream0_IRQHandler
   Definitions
      At line 326 in file TI_BRD_LIB\TI-C_Board\startup_stm32f4xx.s
   Uses
      At line 90 in file TI_BRD_LIB\TI-C_Board\startup_stm32f4xx.s
      At line 243 in file TI_BRD_LIB\TI-C_Board\startup_stm32f4xx.s

DMA1_Stream1_IRQHandler 00000024

Symbol: DMA1_Stream1_IRQHandler
   Definitions
      At line 327 in file TI_BRD_LIB\TI-C_Board\startup_stm32f4xx.s
   Uses
      At line 91 in file TI_BRD_LIB\TI-C_Board\startup_stm32f4xx.s
      At line 244 in file TI_BRD_LIB\TI-C_Board\startup_stm32f4xx.s

DMA1_Stream2_IRQHandler 00000024

Symbol: DMA1_Stream2_IRQHandler
   Definitions
      At line 328 in file TI_BRD_LIB\TI-C_Board\startup_stm32f4xx.s
   Uses
      At line 92 in file TI_BRD_LIB\TI-C_Board\startup_stm32f4xx.s
      At line 245 in file TI_BRD_LIB\TI-C_Board\startup_stm32f4xx.s

DMA1_Stream3_IRQHandler 00000024

Symbol: DMA1_Stream3_IRQHandler
   Definitions
      At line 329 in file TI_BRD_LIB\TI-C_Board\startup_stm32f4xx.s
   Uses
      At line 93 in file TI_BRD_LIB\TI-C_Board\startup_stm32f4xx.s
      At line 246 in file TI_BRD_LIB\TI-C_Board\startup_stm32f4xx.s

DMA1_Stream4_IRQHandler 00000024

Symbol: DMA1_Stream4_IRQHandler
   Definitions
      At line 330 in file TI_BRD_LIB\TI-C_Board\startup_stm32f4xx.s
   Uses
      At line 94 in file TI_BRD_LIB\TI-C_Board\startup_stm32f4xx.s
      At line 247 in file TI_BRD_LIB\TI-C_Board\startup_stm32f4xx.s

DMA1_Stream5_IRQHandler 00000024

Symbol: DMA1_Stream5_IRQHandler
   Definitions
      At line 331 in file TI_BRD_LIB\TI-C_Board\startup_stm32f4xx.s
   Uses
      At line 95 in file TI_BRD_LIB\TI-C_Board\startup_stm32f4xx.s
      At line 248 in file TI_BRD_LIB\TI-C_Board\startup_stm32f4xx.s

DMA1_Stream6_IRQHandler 00000024

Symbol: DMA1_Stream6_IRQHandler
   Definitions
      At line 332 in file TI_BRD_LIB\TI-C_Board\startup_stm32f4xx.s
   Uses
      At line 96 in file TI_BRD_LIB\TI-C_Board\startup_stm32f4xx.s



ARM Macro Assembler    Page 4 Alphabetic symbol ordering
Relocatable symbols

      At line 249 in file TI_BRD_LIB\TI-C_Board\startup_stm32f4xx.s

DMA1_Stream7_IRQHandler 00000024

Symbol: DMA1_Stream7_IRQHandler
   Definitions
      At line 362 in file TI_BRD_LIB\TI-C_Board\startup_stm32f4xx.s
   Uses
      At line 126 in file TI_BRD_LIB\TI-C_Board\startup_stm32f4xx.s
      At line 279 in file TI_BRD_LIB\TI-C_Board\startup_stm32f4xx.s

DMA2_Stream0_IRQHandler 00000024

Symbol: DMA2_Stream0_IRQHandler
   Definitions
      At line 371 in file TI_BRD_LIB\TI-C_Board\startup_stm32f4xx.s
   Uses
      At line 135 in file TI_BRD_LIB\TI-C_Board\startup_stm32f4xx.s
      At line 288 in file TI_BRD_LIB\TI-C_Board\startup_stm32f4xx.s

DMA2_Stream1_IRQHandler 00000024

Symbol: DMA2_Stream1_IRQHandler
   Definitions
      At line 372 in file TI_BRD_LIB\TI-C_Board\startup_stm32f4xx.s
   Uses
      At line 136 in file TI_BRD_LIB\TI-C_Board\startup_stm32f4xx.s
      At line 289 in file TI_BRD_LIB\TI-C_Board\startup_stm32f4xx.s

DMA2_Stream2_IRQHandler 00000024

Symbol: DMA2_Stream2_IRQHandler
   Definitions
      At line 373 in file TI_BRD_LIB\TI-C_Board\startup_stm32f4xx.s
   Uses
      At line 137 in file TI_BRD_LIB\TI-C_Board\startup_stm32f4xx.s
      At line 290 in file TI_BRD_LIB\TI-C_Board\startup_stm32f4xx.s

DMA2_Stream3_IRQHandler 00000024

Symbol: DMA2_Stream3_IRQHandler
   Definitions
      At line 374 in file TI_BRD_LIB\TI-C_Board\startup_stm32f4xx.s
   Uses
      At line 138 in file TI_BRD_LIB\TI-C_Board\startup_stm32f4xx.s
      At line 291 in file TI_BRD_LIB\TI-C_Board\startup_stm32f4xx.s

DMA2_Stream4_IRQHandler 00000024

Symbol: DMA2_Stream4_IRQHandler
   Definitions
      At line 375 in file TI_BRD_LIB\TI-C_Board\startup_stm32f4xx.s
   Uses
      At line 139 in file TI_BRD_LIB\TI-C_Board\startup_stm32f4xx.s
      At line 292 in file TI_BRD_LIB\TI-C_Board\startup_stm32f4xx.s

DMA2_Stream5_IRQHandler 00000024

Symbol: DMA2_Stream5_IRQHandler



ARM Macro Assembler    Page 5 Alphabetic symbol ordering
Relocatable symbols

   Definitions
      At line 383 in file TI_BRD_LIB\TI-C_Board\startup_stm32f4xx.s
   Uses
      At line 147 in file TI_BRD_LIB\TI-C_Board\startup_stm32f4xx.s
      At line 300 in file TI_BRD_LIB\TI-C_Board\startup_stm32f4xx.s

DMA2_Stream6_IRQHandler 00000024

Symbol: DMA2_Stream6_IRQHandler
   Definitions
      At line 384 in file TI_BRD_LIB\TI-C_Board\startup_stm32f4xx.s
   Uses
      At line 148 in file TI_BRD_LIB\TI-C_Board\startup_stm32f4xx.s
      At line 301 in file TI_BRD_LIB\TI-C_Board\startup_stm32f4xx.s

DMA2_Stream7_IRQHandler 00000024

Symbol: DMA2_Stream7_IRQHandler
   Definitions
      At line 385 in file TI_BRD_LIB\TI-C_Board\startup_stm32f4xx.s
   Uses
      At line 149 in file TI_BRD_LIB\TI-C_Board\startup_stm32f4xx.s
      At line 302 in file TI_BRD_LIB\TI-C_Board\startup_stm32f4xx.s

DebugMon_Handler 0000001E

Symbol: DebugMon_Handler
   Definitions
      At line 217 in file TI_BRD_LIB\TI-C_Board\startup_stm32f4xx.s
   Uses
      At line 73 in file TI_BRD_LIB\TI-C_Board\startup_stm32f4xx.s
      At line 218 in file TI_BRD_LIB\TI-C_Board\startup_stm32f4xx.s

Default_Handler 00000024

Symbol: Default_Handler
   Definitions
      At line 230 in file TI_BRD_LIB\TI-C_Board\startup_stm32f4xx.s
   Uses
      None
Comment: Default_Handler unused
ETH_IRQHandler 00000024

Symbol: ETH_IRQHandler
   Definitions
      At line 376 in file TI_BRD_LIB\TI-C_Board\startup_stm32f4xx.s
   Uses
      At line 140 in file TI_BRD_LIB\TI-C_Board\startup_stm32f4xx.s
      At line 293 in file TI_BRD_LIB\TI-C_Board\startup_stm32f4xx.s

ETH_WKUP_IRQHandler 00000024

Symbol: ETH_WKUP_IRQHandler
   Definitions
      At line 377 in file TI_BRD_LIB\TI-C_Board\startup_stm32f4xx.s
   Uses
      At line 141 in file TI_BRD_LIB\TI-C_Board\startup_stm32f4xx.s
      At line 294 in file TI_BRD_LIB\TI-C_Board\startup_stm32f4xx.s




ARM Macro Assembler    Page 6 Alphabetic symbol ordering
Relocatable symbols

EXTI0_IRQHandler 00000024

Symbol: EXTI0_IRQHandler
   Definitions
      At line 321 in file TI_BRD_LIB\TI-C_Board\startup_stm32f4xx.s
   Uses
      At line 85 in file TI_BRD_LIB\TI-C_Board\startup_stm32f4xx.s
      At line 238 in file TI_BRD_LIB\TI-C_Board\startup_stm32f4xx.s

EXTI15_10_IRQHandler 00000024

Symbol: EXTI15_10_IRQHandler
   Definitions
      At line 355 in file TI_BRD_LIB\TI-C_Board\startup_stm32f4xx.s
   Uses
      At line 119 in file TI_BRD_LIB\TI-C_Board\startup_stm32f4xx.s
      At line 272 in file TI_BRD_LIB\TI-C_Board\startup_stm32f4xx.s

EXTI1_IRQHandler 00000024

Symbol: EXTI1_IRQHandler
   Definitions
      At line 322 in file TI_BRD_LIB\TI-C_Board\startup_stm32f4xx.s
   Uses
      At line 86 in file TI_BRD_LIB\TI-C_Board\startup_stm32f4xx.s
      At line 239 in file TI_BRD_LIB\TI-C_Board\startup_stm32f4xx.s

EXTI2_IRQHandler 00000024

Symbol: EXTI2_IRQHandler
   Definitions
      At line 323 in file TI_BRD_LIB\TI-C_Board\startup_stm32f4xx.s
   Uses
      At line 87 in file TI_BRD_LIB\TI-C_Board\startup_stm32f4xx.s
      At line 240 in file TI_BRD_LIB\TI-C_Board\startup_stm32f4xx.s

EXTI3_IRQHandler 00000024

Symbol: EXTI3_IRQHandler
   Definitions
      At line 324 in file TI_BRD_LIB\TI-C_Board\startup_stm32f4xx.s
   Uses
      At line 88 in file TI_BRD_LIB\TI-C_Board\startup_stm32f4xx.s
      At line 241 in file TI_BRD_LIB\TI-C_Board\startup_stm32f4xx.s

EXTI4_IRQHandler 00000024

Symbol: EXTI4_IRQHandler
   Definitions
      At line 325 in file TI_BRD_LIB\TI-C_Board\startup_stm32f4xx.s
   Uses
      At line 89 in file TI_BRD_LIB\TI-C_Board\startup_stm32f4xx.s
      At line 242 in file TI_BRD_LIB\TI-C_Board\startup_stm32f4xx.s

EXTI9_5_IRQHandler 00000024

Symbol: EXTI9_5_IRQHandler
   Definitions
      At line 338 in file TI_BRD_LIB\TI-C_Board\startup_stm32f4xx.s



ARM Macro Assembler    Page 7 Alphabetic symbol ordering
Relocatable symbols

   Uses
      At line 102 in file TI_BRD_LIB\TI-C_Board\startup_stm32f4xx.s
      At line 255 in file TI_BRD_LIB\TI-C_Board\startup_stm32f4xx.s

FLASH_IRQHandler 00000024

Symbol: FLASH_IRQHandler
   Definitions
      At line 319 in file TI_BRD_LIB\TI-C_Board\startup_stm32f4xx.s
   Uses
      At line 83 in file TI_BRD_LIB\TI-C_Board\startup_stm32f4xx.s
      At line 236 in file TI_BRD_LIB\TI-C_Board\startup_stm32f4xx.s

FPU_IRQHandler 00000024

Symbol: FPU_IRQHandler
   Definitions
      At line 396 in file TI_BRD_LIB\TI-C_Board\startup_stm32f4xx.s
   Uses
      At line 160 in file TI_BRD_LIB\TI-C_Board\startup_stm32f4xx.s
      At line 313 in file TI_BRD_LIB\TI-C_Board\startup_stm32f4xx.s

FSMC_IRQHandler 00000024

Symbol: FSMC_IRQHandler
   Definitions
      At line 363 in file TI_BRD_LIB\TI-C_Board\startup_stm32f4xx.s
   Uses
      At line 127 in file TI_BRD_LIB\TI-C_Board\startup_stm32f4xx.s
      At line 280 in file TI_BRD_LIB\TI-C_Board\startup_stm32f4xx.s

HASH_RNG_IRQHandler 00000024

Symbol: HASH_RNG_IRQHandler
   Definitions
      At line 395 in file TI_BRD_LIB\TI-C_Board\startup_stm32f4xx.s
   Uses
      At line 159 in file TI_BRD_LIB\TI-C_Board\startup_stm32f4xx.s
      At line 312 in file TI_BRD_LIB\TI-C_Board\startup_stm32f4xx.s

HardFault_Handler 00000014

Symbol: HardFault_Handler
   Definitions
      At line 193 in file TI_BRD_LIB\TI-C_Board\startup_stm32f4xx.s
   Uses
      At line 64 in file TI_BRD_LIB\TI-C_Board\startup_stm32f4xx.s
      At line 194 in file TI_BRD_LIB\TI-C_Board\startup_stm32f4xx.s

I2C1_ER_IRQHandler 00000024

Symbol: I2C1_ER_IRQHandler
   Definitions
      At line 347 in file TI_BRD_LIB\TI-C_Board\startup_stm32f4xx.s
   Uses
      At line 111 in file TI_BRD_LIB\TI-C_Board\startup_stm32f4xx.s
      At line 264 in file TI_BRD_LIB\TI-C_Board\startup_stm32f4xx.s

I2C1_EV_IRQHandler 00000024



ARM Macro Assembler    Page 8 Alphabetic symbol ordering
Relocatable symbols


Symbol: I2C1_EV_IRQHandler
   Definitions
      At line 346 in file TI_BRD_LIB\TI-C_Board\startup_stm32f4xx.s
   Uses
      At line 110 in file TI_BRD_LIB\TI-C_Board\startup_stm32f4xx.s
      At line 263 in file TI_BRD_LIB\TI-C_Board\startup_stm32f4xx.s

I2C2_ER_IRQHandler 00000024

Symbol: I2C2_ER_IRQHandler
   Definitions
      At line 349 in file TI_BRD_LIB\TI-C_Board\startup_stm32f4xx.s
   Uses
      At line 113 in file TI_BRD_LIB\TI-C_Board\startup_stm32f4xx.s
      At line 266 in file TI_BRD_LIB\TI-C_Board\startup_stm32f4xx.s

I2C2_EV_IRQHandler 00000024

Symbol: I2C2_EV_IRQHandler
   Definitions
      At line 348 in file TI_BRD_LIB\TI-C_Board\startup_stm32f4xx.s
   Uses
      At line 112 in file TI_BRD_LIB\TI-C_Board\startup_stm32f4xx.s
      At line 265 in file TI_BRD_LIB\TI-C_Board\startup_stm32f4xx.s

I2C3_ER_IRQHandler 00000024

Symbol: I2C3_ER_IRQHandler
   Definitions
      At line 388 in file TI_BRD_LIB\TI-C_Board\startup_stm32f4xx.s
   Uses
      At line 152 in file TI_BRD_LIB\TI-C_Board\startup_stm32f4xx.s
      At line 305 in file TI_BRD_LIB\TI-C_Board\startup_stm32f4xx.s

I2C3_EV_IRQHandler 00000024

Symbol: I2C3_EV_IRQHandler
   Definitions
      At line 387 in file TI_BRD_LIB\TI-C_Board\startup_stm32f4xx.s
   Uses
      At line 151 in file TI_BRD_LIB\TI-C_Board\startup_stm32f4xx.s
      At line 304 in file TI_BRD_LIB\TI-C_Board\startup_stm32f4xx.s

MemManage_Handler 00000016

Symbol: MemManage_Handler
   Definitions
      At line 198 in file TI_BRD_LIB\TI-C_Board\startup_stm32f4xx.s
   Uses
      At line 65 in file TI_BRD_LIB\TI-C_Board\startup_stm32f4xx.s
      At line 199 in file TI_BRD_LIB\TI-C_Board\startup_stm32f4xx.s

NMI_Handler 00000012

Symbol: NMI_Handler
   Definitions
      At line 188 in file TI_BRD_LIB\TI-C_Board\startup_stm32f4xx.s
   Uses



ARM Macro Assembler    Page 9 Alphabetic symbol ordering
Relocatable symbols

      At line 63 in file TI_BRD_LIB\TI-C_Board\startup_stm32f4xx.s
      At line 189 in file TI_BRD_LIB\TI-C_Board\startup_stm32f4xx.s

OTG_FS_IRQHandler 00000024

Symbol: OTG_FS_IRQHandler
   Definitions
      At line 382 in file TI_BRD_LIB\TI-C_Board\startup_stm32f4xx.s
   Uses
      At line 146 in file TI_BRD_LIB\TI-C_Board\startup_stm32f4xx.s
      At line 299 in file TI_BRD_LIB\TI-C_Board\startup_stm32f4xx.s

OTG_FS_WKUP_IRQHandler 00000024

Symbol: OTG_FS_WKUP_IRQHandler
   Definitions
      At line 357 in file TI_BRD_LIB\TI-C_Board\startup_stm32f4xx.s
   Uses
      At line 121 in file TI_BRD_LIB\TI-C_Board\startup_stm32f4xx.s
      At line 274 in file TI_BRD_LIB\TI-C_Board\startup_stm32f4xx.s

OTG_HS_EP1_IN_IRQHandler 00000024

Symbol: OTG_HS_EP1_IN_IRQHandler
   Definitions
      At line 390 in file TI_BRD_LIB\TI-C_Board\startup_stm32f4xx.s
   Uses
      At line 154 in file TI_BRD_LIB\TI-C_Board\startup_stm32f4xx.s
      At line 307 in file TI_BRD_LIB\TI-C_Board\startup_stm32f4xx.s

OTG_HS_EP1_OUT_IRQHandler 00000024

Symbol: OTG_HS_EP1_OUT_IRQHandler
   Definitions
      At line 389 in file TI_BRD_LIB\TI-C_Board\startup_stm32f4xx.s
   Uses
      At line 153 in file TI_BRD_LIB\TI-C_Board\startup_stm32f4xx.s
      At line 306 in file TI_BRD_LIB\TI-C_Board\startup_stm32f4xx.s

OTG_HS_IRQHandler 00000024

Symbol: OTG_HS_IRQHandler
   Definitions
      At line 392 in file TI_BRD_LIB\TI-C_Board\startup_stm32f4xx.s
   Uses
      At line 156 in file TI_BRD_LIB\TI-C_Board\startup_stm32f4xx.s
      At line 309 in file TI_BRD_LIB\TI-C_Board\startup_stm32f4xx.s

OTG_HS_WKUP_IRQHandler 00000024

Symbol: OTG_HS_WKUP_IRQHandler
   Definitions
      At line 391 in file TI_BRD_LIB\TI-C_Board\startup_stm32f4xx.s
   Uses
      At line 155 in file TI_BRD_LIB\TI-C_Board\startup_stm32f4xx.s
      At line 308 in file TI_BRD_LIB\TI-C_Board\startup_stm32f4xx.s

PVD_IRQHandler 00000024




ARM Macro Assembler    Page 10 Alphabetic symbol ordering
Relocatable symbols

Symbol: PVD_IRQHandler
   Definitions
      At line 316 in file TI_BRD_LIB\TI-C_Board\startup_stm32f4xx.s
   Uses
      At line 80 in file TI_BRD_LIB\TI-C_Board\startup_stm32f4xx.s
      At line 233 in file TI_BRD_LIB\TI-C_Board\startup_stm32f4xx.s

PendSV_Handler 00000020

Symbol: PendSV_Handler
   Definitions
      At line 221 in file TI_BRD_LIB\TI-C_Board\startup_stm32f4xx.s
   Uses
      At line 75 in file TI_BRD_LIB\TI-C_Board\startup_stm32f4xx.s
      At line 222 in file TI_BRD_LIB\TI-C_Board\startup_stm32f4xx.s

RCC_IRQHandler 00000024

Symbol: RCC_IRQHandler
   Definitions
      At line 320 in file TI_BRD_LIB\TI-C_Board\startup_stm32f4xx.s
   Uses
      At line 84 in file TI_BRD_LIB\TI-C_Board\startup_stm32f4xx.s
      At line 237 in file TI_BRD_LIB\TI-C_Board\startup_stm32f4xx.s

RTC_Alarm_IRQHandler 00000024

Symbol: RTC_Alarm_IRQHandler
   Definitions
      At line 356 in file TI_BRD_LIB\TI-C_Board\startup_stm32f4xx.s
   Uses
      At line 120 in file TI_BRD_LIB\TI-C_Board\startup_stm32f4xx.s
      At line 273 in file TI_BRD_LIB\TI-C_Board\startup_stm32f4xx.s

RTC_WKUP_IRQHandler 00000024

Symbol: RTC_WKUP_IRQHandler
   Definitions
      At line 318 in file TI_BRD_LIB\TI-C_Board\startup_stm32f4xx.s
   Uses
      At line 82 in file TI_BRD_LIB\TI-C_Board\startup_stm32f4xx.s
      At line 235 in file TI_BRD_LIB\TI-C_Board\startup_stm32f4xx.s

Reset_Handler 00000000

Symbol: Reset_Handler
   Definitions
      At line 169 in file TI_BRD_LIB\TI-C_Board\startup_stm32f4xx.s
   Uses
      At line 62 in file TI_BRD_LIB\TI-C_Board\startup_stm32f4xx.s
      At line 170 in file TI_BRD_LIB\TI-C_Board\startup_stm32f4xx.s

SDIO_IRQHandler 00000024

Symbol: SDIO_IRQHandler
   Definitions
      At line 364 in file TI_BRD_LIB\TI-C_Board\startup_stm32f4xx.s
   Uses
      At line 128 in file TI_BRD_LIB\TI-C_Board\startup_stm32f4xx.s



ARM Macro Assembler    Page 11 Alphabetic symbol ordering
Relocatable symbols

      At line 281 in file TI_BRD_LIB\TI-C_Board\startup_stm32f4xx.s

SPI1_IRQHandler 00000024

Symbol: SPI1_IRQHandler
   Definitions
      At line 350 in file TI_BRD_LIB\TI-C_Board\startup_stm32f4xx.s
   Uses
      At line 114 in file TI_BRD_LIB\TI-C_Board\startup_stm32f4xx.s
      At line 267 in file TI_BRD_LIB\TI-C_Board\startup_stm32f4xx.s

SPI2_IRQHandler 00000024

Symbol: SPI2_IRQHandler
   Definitions
      At line 351 in file TI_BRD_LIB\TI-C_Board\startup_stm32f4xx.s
   Uses
      At line 115 in file TI_BRD_LIB\TI-C_Board\startup_stm32f4xx.s
      At line 268 in file TI_BRD_LIB\TI-C_Board\startup_stm32f4xx.s

SPI3_IRQHandler 00000024

Symbol: SPI3_IRQHandler
   Definitions
      At line 366 in file TI_BRD_LIB\TI-C_Board\startup_stm32f4xx.s
   Uses
      At line 130 in file TI_BRD_LIB\TI-C_Board\startup_stm32f4xx.s
      At line 283 in file TI_BRD_LIB\TI-C_Board\startup_stm32f4xx.s

SVC_Handler 0000001C

Symbol: SVC_Handler
   Definitions
      At line 212 in file TI_BRD_LIB\TI-C_Board\startup_stm32f4xx.s
   Uses
      At line 72 in file TI_BRD_LIB\TI-C_Board\startup_stm32f4xx.s
      At line 213 in file TI_BRD_LIB\TI-C_Board\startup_stm32f4xx.s

SysTick_Handler 00000022

Symbol: SysTick_Handler
   Definitions
      At line 225 in file TI_BRD_LIB\TI-C_Board\startup_stm32f4xx.s
   Uses
      At line 76 in file TI_BRD_LIB\TI-C_Board\startup_stm32f4xx.s
      At line 226 in file TI_BRD_LIB\TI-C_Board\startup_stm32f4xx.s

TAMP_STAMP_IRQHandler 00000024

Symbol: TAMP_STAMP_IRQHandler
   Definitions
      At line 317 in file TI_BRD_LIB\TI-C_Board\startup_stm32f4xx.s
   Uses
      At line 81 in file TI_BRD_LIB\TI-C_Board\startup_stm32f4xx.s
      At line 234 in file TI_BRD_LIB\TI-C_Board\startup_stm32f4xx.s

TIM1_BRK_TIM9_IRQHandler 00000024

Symbol: TIM1_BRK_TIM9_IRQHandler



ARM Macro Assembler    Page 12 Alphabetic symbol ordering
Relocatable symbols

   Definitions
      At line 339 in file TI_BRD_LIB\TI-C_Board\startup_stm32f4xx.s
   Uses
      At line 103 in file TI_BRD_LIB\TI-C_Board\startup_stm32f4xx.s
      At line 256 in file TI_BRD_LIB\TI-C_Board\startup_stm32f4xx.s

TIM1_CC_IRQHandler 00000024

Symbol: TIM1_CC_IRQHandler
   Definitions
      At line 342 in file TI_BRD_LIB\TI-C_Board\startup_stm32f4xx.s
   Uses
      At line 106 in file TI_BRD_LIB\TI-C_Board\startup_stm32f4xx.s
      At line 259 in file TI_BRD_LIB\TI-C_Board\startup_stm32f4xx.s

TIM1_TRG_COM_TIM11_IRQHandler 00000024

Symbol: TIM1_TRG_COM_TIM11_IRQHandler
   Definitions
      At line 341 in file TI_BRD_LIB\TI-C_Board\startup_stm32f4xx.s
   Uses
      At line 105 in file TI_BRD_LIB\TI-C_Board\startup_stm32f4xx.s
      At line 258 in file TI_BRD_LIB\TI-C_Board\startup_stm32f4xx.s

TIM1_UP_TIM10_IRQHandler 00000024

Symbol: TIM1_UP_TIM10_IRQHandler
   Definitions
      At line 340 in file TI_BRD_LIB\TI-C_Board\startup_stm32f4xx.s
   Uses
      At line 104 in file TI_BRD_LIB\TI-C_Board\startup_stm32f4xx.s
      At line 257 in file TI_BRD_LIB\TI-C_Board\startup_stm32f4xx.s

TIM2_IRQHandler 00000024

Symbol: TIM2_IRQHandler
   Definitions
      At line 343 in file TI_BRD_LIB\TI-C_Board\startup_stm32f4xx.s
   Uses
      At line 107 in file TI_BRD_LIB\TI-C_Board\startup_stm32f4xx.s
      At line 260 in file TI_BRD_LIB\TI-C_Board\startup_stm32f4xx.s

TIM3_IRQHandler 00000024

Symbol: TIM3_IRQHandler
   Definitions
      At line 344 in file TI_BRD_LIB\TI-C_Board\startup_stm32f4xx.s
   Uses
      At line 108 in file TI_BRD_LIB\TI-C_Board\startup_stm32f4xx.s
      At line 261 in file TI_BRD_LIB\TI-C_Board\startup_stm32f4xx.s

TIM4_IRQHandler 00000024

Symbol: TIM4_IRQHandler
   Definitions
      At line 345 in file TI_BRD_LIB\TI-C_Board\startup_stm32f4xx.s
   Uses
      At line 109 in file TI_BRD_LIB\TI-C_Board\startup_stm32f4xx.s
      At line 262 in file TI_BRD_LIB\TI-C_Board\startup_stm32f4xx.s



ARM Macro Assembler    Page 13 Alphabetic symbol ordering
Relocatable symbols


TIM5_IRQHandler 00000024

Symbol: TIM5_IRQHandler
   Definitions
      At line 365 in file TI_BRD_LIB\TI-C_Board\startup_stm32f4xx.s
   Uses
      At line 129 in file TI_BRD_LIB\TI-C_Board\startup_stm32f4xx.s
      At line 282 in file TI_BRD_LIB\TI-C_Board\startup_stm32f4xx.s

TIM6_DAC_IRQHandler 00000024

Symbol: TIM6_DAC_IRQHandler
   Definitions
      At line 369 in file TI_BRD_LIB\TI-C_Board\startup_stm32f4xx.s
   Uses
      At line 133 in file TI_BRD_LIB\TI-C_Board\startup_stm32f4xx.s
      At line 286 in file TI_BRD_LIB\TI-C_Board\startup_stm32f4xx.s

TIM7_IRQHandler 00000024

Symbol: TIM7_IRQHandler
   Definitions
      At line 370 in file TI_BRD_LIB\TI-C_Board\startup_stm32f4xx.s
   Uses
      At line 134 in file TI_BRD_LIB\TI-C_Board\startup_stm32f4xx.s
      At line 287 in file TI_BRD_LIB\TI-C_Board\startup_stm32f4xx.s

TIM8_BRK_TIM12_IRQHandler 00000024

Symbol: TIM8_BRK_TIM12_IRQHandler
   Definitions
      At line 358 in file TI_BRD_LIB\TI-C_Board\startup_stm32f4xx.s
   Uses
      At line 122 in file TI_BRD_LIB\TI-C_Board\startup_stm32f4xx.s
      At line 275 in file TI_BRD_LIB\TI-C_Board\startup_stm32f4xx.s

TIM8_CC_IRQHandler 00000024

Symbol: TIM8_CC_IRQHandler
   Definitions
      At line 361 in file TI_BRD_LIB\TI-C_Board\startup_stm32f4xx.s
   Uses
      At line 125 in file TI_BRD_LIB\TI-C_Board\startup_stm32f4xx.s
      At line 278 in file TI_BRD_LIB\TI-C_Board\startup_stm32f4xx.s

TIM8_TRG_COM_TIM14_IRQHandler 00000024

Symbol: TIM8_TRG_COM_TIM14_IRQHandler
   Definitions
      At line 360 in file TI_BRD_LIB\TI-C_Board\startup_stm32f4xx.s
   Uses
      At line 124 in file TI_BRD_LIB\TI-C_Board\startup_stm32f4xx.s
      At line 277 in file TI_BRD_LIB\TI-C_Board\startup_stm32f4xx.s

TIM8_UP_TIM13_IRQHandler 00000024

Symbol: TIM8_UP_TIM13_IRQHandler
   Definitions



ARM Macro Assembler    Page 14 Alphabetic symbol ordering
Relocatable symbols

      At line 359 in file TI_BRD_LIB\TI-C_Board\startup_stm32f4xx.s
   Uses
      At line 123 in file TI_BRD_LIB\TI-C_Board\startup_stm32f4xx.s
      At line 276 in file TI_BRD_LIB\TI-C_Board\startup_stm32f4xx.s

UART4_IRQHandler 00000024

Symbol: UART4_IRQHandler
   Definitions
      At line 367 in file TI_BRD_LIB\TI-C_Board\startup_stm32f4xx.s
   Uses
      At line 131 in file TI_BRD_LIB\TI-C_Board\startup_stm32f4xx.s
      At line 284 in file TI_BRD_LIB\TI-C_Board\startup_stm32f4xx.s

UART5_IRQHandler 00000024

Symbol: UART5_IRQHandler
   Definitions
      At line 368 in file TI_BRD_LIB\TI-C_Board\startup_stm32f4xx.s
   Uses
      At line 132 in file TI_BRD_LIB\TI-C_Board\startup_stm32f4xx.s
      At line 285 in file TI_BRD_LIB\TI-C_Board\startup_stm32f4xx.s

USART1_IRQHandler 00000024

Symbol: USART1_IRQHandler
   Definitions
      At line 352 in file TI_BRD_LIB\TI-C_Board\startup_stm32f4xx.s
   Uses
      At line 116 in file TI_BRD_LIB\TI-C_Board\startup_stm32f4xx.s
      At line 269 in file TI_BRD_LIB\TI-C_Board\startup_stm32f4xx.s

USART2_IRQHandler 00000024

Symbol: USART2_IRQHandler
   Definitions
      At line 353 in file TI_BRD_LIB\TI-C_Board\startup_stm32f4xx.s
   Uses
      At line 117 in file TI_BRD_LIB\TI-C_Board\startup_stm32f4xx.s
      At line 270 in file TI_BRD_LIB\TI-C_Board\startup_stm32f4xx.s

USART3_IRQHandler 00000024

Symbol: USART3_IRQHandler
   Definitions
      At line 354 in file TI_BRD_LIB\TI-C_Board\startup_stm32f4xx.s
   Uses
      At line 118 in file TI_BRD_LIB\TI-C_Board\startup_stm32f4xx.s
      At line 271 in file TI_BRD_LIB\TI-C_Board\startup_stm32f4xx.s

USART6_IRQHandler 00000024

Symbol: USART6_IRQHandler
   Definitions
      At line 386 in file TI_BRD_LIB\TI-C_Board\startup_stm32f4xx.s
   Uses
      At line 150 in file TI_BRD_LIB\TI-C_Board\startup_stm32f4xx.s
      At line 303 in file TI_BRD_LIB\TI-C_Board\startup_stm32f4xx.s




ARM Macro Assembler    Page 15 Alphabetic symbol ordering
Relocatable symbols

UsageFault_Handler 0000001A

Symbol: UsageFault_Handler
   Definitions
      At line 208 in file TI_BRD_LIB\TI-C_Board\startup_stm32f4xx.s
   Uses
      At line 67 in file TI_BRD_LIB\TI-C_Board\startup_stm32f4xx.s
      At line 209 in file TI_BRD_LIB\TI-C_Board\startup_stm32f4xx.s

WWDG_IRQHandler 00000024

Symbol: WWDG_IRQHandler
   Definitions
      At line 315 in file TI_BRD_LIB\TI-C_Board\startup_stm32f4xx.s
   Uses
      At line 79 in file TI_BRD_LIB\TI-C_Board\startup_stm32f4xx.s
      At line 232 in file TI_BRD_LIB\TI-C_Board\startup_stm32f4xx.s

__user_initial_stackheap 00000028

Symbol: __user_initial_stackheap
   Definitions
      At line 418 in file TI_BRD_LIB\TI-C_Board\startup_stm32f4xx.s
   Uses
      At line 416 in file TI_BRD_LIB\TI-C_Board\startup_stm32f4xx.s
Comment: __user_initial_stackheap used once
95 symbols



ARM Macro Assembler    Page 1 Alphabetic symbol ordering
Absolute symbols

Heap_Size 00008000

Symbol: Heap_Size
   Definitions
      At line 44 in file TI_BRD_LIB\TI-C_Board\startup_stm32f4xx.s
   Uses
      At line 48 in file TI_BRD_LIB\TI-C_Board\startup_stm32f4xx.s
      At line 422 in file TI_BRD_LIB\TI-C_Board\startup_stm32f4xx.s

Stack_Size 00001000

Symbol: Stack_Size
   Definitions
      At line 32 in file TI_BRD_LIB\TI-C_Board\startup_stm32f4xx.s
   Uses
      At line 35 in file TI_BRD_LIB\TI-C_Board\startup_stm32f4xx.s
      At line 421 in file TI_BRD_LIB\TI-C_Board\startup_stm32f4xx.s

__Vectors_Size 00000188

Symbol: __Vectors_Size
   Definitions
      At line 164 in file TI_BRD_LIB\TI-C_Board\startup_stm32f4xx.s
   Uses
      At line 59 in file TI_BRD_LIB\TI-C_Board\startup_stm32f4xx.s
Comment: __Vectors_Size used once
3 symbols



ARM Macro Assembler    Page 1 Alphabetic symbol ordering
External symbols

SystemInit 00000000

Symbol: SystemInit
   Definitions
      At line 171 in file TI_BRD_LIB\TI-C_Board\startup_stm32f4xx.s
   Uses
      At line 180 in file TI_BRD_LIB\TI-C_Board\startup_stm32f4xx.s
Comment: SystemInit used once
__main 00000000

Symbol: __main
   Definitions
      At line 172 in file TI_BRD_LIB\TI-C_Board\startup_stm32f4xx.s
   Uses
      At line 182 in file TI_BRD_LIB\TI-C_Board\startup_stm32f4xx.s
Comment: __main used once
__use_two_region_memory 00000000

Symbol: __use_two_region_memory
   Definitions
      At line 415 in file TI_BRD_LIB\TI-C_Board\startup_stm32f4xx.s
   Uses
      None
Comment: __use_two_region_memory unused
3 symbols
447 symbols in table
